<?xml version="1.0" encoding="UTF-8"?>
<robot generator="Robot 4.0.3 (Python 3.9.5 on win32)" generated="20210625 11:50:49.976" rpa="false" schemaversion="2">
<suite id="s1" name="EmailHelperTest" source="C:\Users\Admin\PycharmProjects\DemoRobotFramework\TestCases\EmailHelperTest.robot">
<test id="s1-t1" name="EmailTest">
<kw name="Open Email" library="EmailKeywords">
<kw name="Get Environment Variable" library="OperatingSystem">
<var>${email}</var>
<arg>EMAIL</arg>
<doc>Returns the value of an environment variable with the given name.</doc>
<msg timestamp="20210625 11:50:50.215" level="FAIL">Environment variable 'EMAIL' does not exist.</msg>
<status status="FAIL" starttime="20210625 11:50:50.214" endtime="20210625 11:50:50.215"/>
</kw>
<kw name="Get Environment Variable" library="OperatingSystem">
<var>${password}</var>
<arg>PASSWORD</arg>
<doc>Returns the value of an environment variable with the given name.</doc>
<status status="NOT RUN" starttime="20210625 11:50:50.215" endtime="20210625 11:50:50.215"/>
</kw>
<kw name="Open Mailbox" library="ImapLibrary2">
<arg>host=imap.gmail.com</arg>
<arg>user=myle.8174gmail.com</arg>
<arg>password=${password}</arg>
<doc>Open IMAP email client session to given ``host`` with given ``user`` and ``password``.</doc>
<status status="NOT RUN" starttime="20210625 11:50:50.215" endtime="20210625 11:50:50.215"/>
</kw>
<status status="FAIL" starttime="20210625 11:50:50.214" endtime="20210625 11:50:50.215"/>
</kw>
<kw name="Check mail received" library="EmailKeywords">
<arg>Password</arg>
<status status="NOT RUN" starttime="20210625 11:50:50.215" endtime="20210625 11:50:50.215"/>
</kw>
<kw name="Get code from email" library="EmailKeywords">
<status status="NOT RUN" starttime="20210625 11:50:50.215" endtime="20210625 11:50:50.215"/>
</kw>
<kw name="Close Mailbox" library="ImapLibrary2">
<doc>Close IMAP email client session.</doc>
<status status="NOT RUN" starttime="20210625 11:50:50.215" endtime="20210625 11:50:50.215"/>
</kw>
<status status="FAIL" starttime="20210625 11:50:50.214" endtime="20210625 11:50:50.216">Environment variable 'EMAIL' does not exist.</status>
</test>
<status status="FAIL" starttime="20210625 11:50:49.978" endtime="20210625 11:50:50.216"/>
</suite>
<statistics>
<total>
<stat pass="0" fail="1" skip="0">All Tests</stat>
</total>
<tag>
</tag>
<suite>
<stat pass="0" fail="1" skip="0" id="s1" name="EmailHelperTest">EmailHelperTest</stat>
</suite>
</statistics>
<errors>
</errors>
</robot>
