<?xml version="1.0" encoding="UTF-8"?>
<robot generator="Robot 4.0.3 (Python 3.9.5 on win32)" generated="20210621 09:17:53.203" rpa="false" schemaversion="2">
<suite id="s1" name="LoginTest" source="C:\Users\Admin\PycharmProjects\DemoRobotFramework\TestCases\LoginTest.robot">
<test id="s1-t1" name="LoginTest">
<kw name="Open my Browser" library="LoginKeywords">
<arg>${SiteUrl}</arg>
<arg>${Browser}</arg>
<kw name="Open Browser" library="SeleniumLibrary">
<arg>${SiteUrl}</arg>
<arg>${Browser}</arg>
<doc>Opens a new browser instance to the optional ``url``.</doc>
<msg timestamp="20210621 09:17:53.784" level="INFO">Opening browser 'chrome' to base url 'https://admin-helper-f21c1.web.app/login'.</msg>
<status status="PASS" starttime="20210621 09:17:53.781" endtime="20210621 09:17:56.126"/>
</kw>
<kw name="Maximize Browser Window" library="SeleniumLibrary">
<doc>Maximizes current browser window.</doc>
<status status="PASS" starttime="20210621 09:17:56.126" endtime="20210621 09:17:56.243"/>
</kw>
<status status="PASS" starttime="20210621 09:17:53.781" endtime="20210621 09:17:56.243"/>
</kw>
<kw name="Get Variables" library="BuiltIn">
<var>${email}</var>
<arg>%{EMAIL}</arg>
<doc>Returns a dictionary containing all variables in the current scope.</doc>
<msg timestamp="20210621 09:17:56.243" level="FAIL">Environment variable '%{EMAIL}' not found.</msg>
<status status="FAIL" starttime="20210621 09:17:56.243" endtime="20210621 09:17:56.243"/>
</kw>
<kw name="Enter Email" library="LoginKeywords">
<arg>${email}</arg>
<status status="NOT RUN" starttime="20210621 09:17:56.243" endtime="20210621 09:17:56.243"/>
</kw>
<kw name="Enter Password" library="LoginKeywords">
<arg>${pwd}</arg>
<status status="NOT RUN" starttime="20210621 09:17:56.243" endtime="20210621 09:17:56.243"/>
</kw>
<kw name="Verify Successful Login" library="LoginKeywords">
<status status="NOT RUN" starttime="20210621 09:17:56.243" endtime="20210621 09:17:56.243"/>
</kw>
<kw name="Close my Browser" library="LoginKeywords">
<status status="NOT RUN" starttime="20210621 09:17:56.243" endtime="20210621 09:17:56.243"/>
</kw>
<status status="FAIL" starttime="20210621 09:17:53.781" endtime="20210621 09:17:56.243">Environment variable '%{EMAIL}' not found.</status>
</test>
<status status="FAIL" starttime="20210621 09:17:53.205" endtime="20210621 09:17:56.243"/>
</suite>
<statistics>
<total>
<stat pass="0" fail="1" skip="0">All Tests</stat>
</total>
<tag>
</tag>
<suite>
<stat pass="0" fail="1" skip="0" id="s1" name="LoginTest">LoginTest</stat>
</suite>
</statistics>
<errors>
</errors>
</robot>
