<?xml version="1.0" encoding="UTF-8"?>
<robot generator="Robot 4.0.3 (Python 3.9.5 on win32)" generated="20210610 11:55:24.155" rpa="false" schemaversion="2">
<suite id="s1" name="TC01" source="C:\Users\Admin\PycharmProjects\DemoRobotFramework\TestCases\TC01.robot">
<test id="s1-t1" name="LoginTest">
<kw name="Open Browser" library="SeleniumLibrary">
<arg>${url}</arg>
<arg>${browser}</arg>
<doc>Opens a new browser instance to the optional ``url``.</doc>
<msg timestamp="20210610 11:55:24.310" level="INFO">Opening browser 'chrome' to base url 'https://demo.nopcommerce.com/'.</msg>
<status status="PASS" starttime="20210610 11:55:24.309" endtime="20210610 11:55:27.287"/>
</kw>
<kw name="loginToApplication">
<kw name="Click Link" library="SeleniumLibrary">
<arg>xpath://a[.='Log in']</arg>
<doc>Clicks a link identified by ``locator``.</doc>
<msg timestamp="20210610 11:55:27.288" level="INFO">Clicking link 'xpath://a[.='Log in']'.</msg>
<status status="PASS" starttime="20210610 11:55:27.288" endtime="20210610 11:55:28.805"/>
</kw>
<kw name="Input Text" library="SeleniumLibrary">
<arg>id:Email</arg>
<arg>pavanoltraining@gmail.com</arg>
<doc>Types the given ``text`` into the text field identified by ``locator``.</doc>
<msg timestamp="20210610 11:55:28.805" level="INFO">Typing text 'pavanoltraining@gmail.com' into text field 'id:Email'.</msg>
<status status="PASS" starttime="20210610 11:55:28.805" endtime="20210610 11:55:28.870"/>
</kw>
<kw name="Input Text" library="SeleniumLibrary">
<arg>id:Password</arg>
<arg>Test@123</arg>
<doc>Types the given ``text`` into the text field identified by ``locator``.</doc>
<msg timestamp="20210610 11:55:28.870" level="INFO">Typing text 'Test@123' into text field 'id:Password'.</msg>
<status status="PASS" starttime="20210610 11:55:28.870" endtime="20210610 11:55:28.939"/>
</kw>
<kw name="Click Element" library="SeleniumLibrary">
<arg>xpath://button[@class='button-1 login-button']</arg>
<doc>Click the element identified by ``locator``.</doc>
<msg timestamp="20210610 11:55:28.939" level="INFO">Clicking element 'xpath://button[@class='button-1 login-button']'.</msg>
<status status="PASS" starttime="20210610 11:55:28.939" endtime="20210610 11:55:28.987"/>
</kw>
<status status="PASS" starttime="20210610 11:55:27.288" endtime="20210610 11:55:28.988"/>
</kw>
<kw name="Close Browser" library="SeleniumLibrary">
<doc>Closes the current browser.</doc>
<status status="PASS" starttime="20210610 11:55:28.988" endtime="20210610 11:55:31.092"/>
</kw>
<status status="PASS" starttime="20210610 11:55:24.309" endtime="20210610 11:55:31.093"/>
</test>
<status status="PASS" starttime="20210610 11:55:24.158" endtime="20210610 11:55:31.098"/>
</suite>
<statistics>
<total>
<stat pass="1" fail="0" skip="0">All Tests</stat>
</total>
<tag>
</tag>
<suite>
<stat pass="1" fail="0" skip="0" id="s1" name="TC01">TC01</stat>
</suite>
</statistics>
<errors>
</errors>
</robot>
