<?xml version="1.0" encoding="UTF-8"?>
<robot generator="Robot 4.0.3 (Python 3.9.5 on win32)" generated="20210625 14:58:00.971" rpa="false" schemaversion="2">
<suite id="s1" name="EmailTest" source="C:\Users\Admin\PycharmProjects\DemoRobotFramework\TestCases\EmailTest.robot">
<test id="s1-t1" name="EmailTest">
<kw name="Open Email" library="EmailKeywords">
<kw name="Get Environment Variable" library="OperatingSystem">
<var>${email}</var>
<arg>EMAIL</arg>
<doc>Returns the value of an environment variable with the given name.</doc>
<msg timestamp="20210625 14:58:01.165" level="INFO">${email} = mlethiha@openwt.com</msg>
<status status="PASS" starttime="20210625 14:58:01.165" endtime="20210625 14:58:01.165"/>
</kw>
<kw name="Get Environment Variable" library="OperatingSystem">
<var>${password}</var>
<arg>PASSWORD</arg>
<doc>Returns the value of an environment variable with the given name.</doc>
<msg timestamp="20210625 14:58:01.165" level="INFO">${password} = Infogroup1</msg>
<status status="PASS" starttime="20210625 14:58:01.165" endtime="20210625 14:58:01.165"/>
</kw>
<kw name="Open Mailbox" library="ImapLibrary2">
<arg>host=imap.gmail.com</arg>
<arg>user=myle.8174+13gmail.com</arg>
<arg>password=${password}</arg>
<doc>Open IMAP email client session to given ``host`` with given ``user`` and ``password``.</doc>
<status status="PASS" starttime="20210625 14:58:01.165" endtime="20210625 14:58:02.473"/>
</kw>
<status status="PASS" starttime="20210625 14:58:01.164" endtime="20210625 14:58:02.474"/>
</kw>
<kw name="Check mail received" library="EmailKeywords">
<arg>QA Wolf</arg>
<kw name="Get Environment Variable" library="OperatingSystem">
<var>${email}</var>
<arg>EMAIL</arg>
<doc>Returns the value of an environment variable with the given name.</doc>
<msg timestamp="20210625 14:58:02.474" level="INFO">${email} = mlethiha@openwt.com</msg>
<status status="PASS" starttime="20210625 14:58:02.474" endtime="20210625 14:58:02.474"/>
</kw>
<kw name="Wait For Email" library="ImapLibrary2">
<var>${LATEST}</var>
<arg>recipient=${email}</arg>
<arg>subject=${subject}</arg>
<arg>timeout=300</arg>
<doc>Wait for email message to arrived base on any given filter criteria.
Returns email index of the latest email message received.</doc>
<msg timestamp="20210625 14:58:02.967" level="INFO">${LATEST} = 340</msg>
<status status="PASS" starttime="20210625 14:58:02.474" endtime="20210625 14:58:02.967"/>
</kw>
<kw name="Get Email Body" library="ImapLibrary2">
<var>${body}</var>
<arg>${LATEST}</arg>
<doc>Returns the decoded email body on multipart email message,
otherwise returns the body text.</doc>
<msg timestamp="20210625 14:58:03.224" level="INFO">${body} = &lt;div style='color: #2A3140; font-family: Helvetica, Arial, sans-serif;'&gt;
  &lt;table&gt;
    &lt;tr&gt;
      &lt;td&gt;&lt;img src='https://qawolf-public.s3.us-east-2.amazonaws.com/logo-small.png' style='object-fit: c...</msg>
<status status="PASS" starttime="20210625 14:58:02.967" endtime="20210625 14:58:03.224"/>
</kw>
<kw name="Should Contain" library="BuiltIn">
<arg>${body}</arg>
<arg>${subject}</arg>
<doc>Fails if ``container`` does not contain ``item`` one or more times.</doc>
<status status="PASS" starttime="20210625 14:58:03.224" endtime="20210625 14:58:03.224"/>
</kw>
<status status="PASS" starttime="20210625 14:58:02.474" endtime="20210625 14:58:03.224"/>
</kw>
<kw name="Get code from email" library="EmailKeywords">
<arg>QA Wolf</arg>
<kw name="Set Variable" library="BuiltIn">
<var>${regex}</var>
<arg>&lt;p .*&gt;([A-Z]{3}-[A-Z]{3})</arg>
<doc>Returns the given values which can then be assigned to a variables.</doc>
<msg timestamp="20210625 14:58:03.225" level="INFO">${regex} = &lt;p .*&gt;([A-Z]{3}-[A-Z]{3})</msg>
<status status="PASS" starttime="20210625 14:58:03.225" endtime="20210625 14:58:03.225"/>
</kw>
<kw name="Get Environment Variable" library="OperatingSystem">
<var>${email}</var>
<arg>EMAIL</arg>
<doc>Returns the value of an environment variable with the given name.</doc>
<msg timestamp="20210625 14:58:03.225" level="INFO">${email} = mlethiha@openwt.com</msg>
<status status="PASS" starttime="20210625 14:58:03.225" endtime="20210625 14:58:03.225"/>
</kw>
<kw name="Wait For Email" library="ImapLibrary2">
<var>${LATEST}</var>
<arg>recipient=${email}</arg>
<arg>subject=${subject}</arg>
<arg>timeout=300</arg>
<doc>Wait for email message to arrived base on any given filter criteria.
Returns email index of the latest email message received.</doc>
<msg timestamp="20210625 14:58:03.711" level="INFO">${LATEST} = 340</msg>
<status status="PASS" starttime="20210625 14:58:03.225" endtime="20210625 14:58:03.711"/>
</kw>
<kw name="Get Matches From Email" library="ImapLibrary2">
<var>${result}</var>
<arg>${LATEST}</arg>
<arg>${regex}</arg>
<doc>Returns all Regular Expression ``pattern`` found in the email body
from given ``email_index``.</doc>
<msg timestamp="20210625 14:58:03.971" level="INFO">${result} = ['MTU-MRE']</msg>
<status status="PASS" starttime="20210625 14:58:03.712" endtime="20210625 14:58:03.971"/>
</kw>
<kw name="Convert To String" library="BuiltIn">
<var>${result}</var>
<arg>${result}</arg>
<doc>Converts the given item to a Unicode string.</doc>
<msg timestamp="20210625 14:58:03.972" level="INFO">${result} = ['MTU-MRE']</msg>
<status status="PASS" starttime="20210625 14:58:03.971" endtime="20210625 14:58:03.972"/>
</kw>
<kw name="Get Substring" library="String">
<var>${result}</var>
<arg>${result}</arg>
<arg>2</arg>
<arg>9</arg>
<doc>Returns a substring from ``start`` index to ``end`` index.</doc>
<msg timestamp="20210625 14:58:03.972" level="INFO">${result} = MTU-MRE</msg>
<status status="PASS" starttime="20210625 14:58:03.972" endtime="20210625 14:58:03.972"/>
</kw>
<kw name="Remove String" library="String">
<var>${result}</var>
<arg>${result}</arg>
<arg>-</arg>
<doc>Removes all ``removables`` from the given ``string``.</doc>
<msg timestamp="20210625 14:58:03.972" level="INFO">${result} = MTUMRE</msg>
<status status="PASS" starttime="20210625 14:58:03.972" endtime="20210625 14:58:03.972"/>
</kw>
<status status="PASS" starttime="20210625 14:58:03.224" endtime="20210625 14:58:03.973"/>
</kw>
<kw name="Close Mailbox" library="ImapLibrary2">
<doc>Close IMAP email client session.</doc>
<status status="PASS" starttime="20210625 14:58:03.973" endtime="20210625 14:58:04.212"/>
</kw>
<status status="PASS" starttime="20210625 14:58:01.164" endtime="20210625 14:58:04.212"/>
</test>
<status status="PASS" starttime="20210625 14:58:00.972" endtime="20210625 14:58:04.213"/>
</suite>
<statistics>
<total>
<stat pass="1" fail="0" skip="0">All Tests</stat>
</total>
<tag>
</tag>
<suite>
<stat pass="1" fail="0" skip="0" id="s1" name="EmailTest">EmailTest</stat>
</suite>
</statistics>
<errors>
</errors>
</robot>
