<?xml version="1.0" encoding="UTF-8"?>
<robot generator="Robot 4.0.3 (Python 3.9.5 on win32)" generated="20210624 16:27:03.025" rpa="false" schemaversion="2">
<suite id="s1" name="EmailTest" source="C:\Users\Admin\PycharmProjects\DemoRobotFramework\TestCases\EmailTest.robot">
<test id="s1-t1" name="EmailTest">
<kw name="Open my Browser" library="LoginKeywords">
<arg>${SiteUrl}</arg>
<arg>${Browser}</arg>
<kw name="Open Browser" library="SeleniumLibrary">
<arg>${SiteUrl}</arg>
<arg>${Browser}</arg>
<doc>Opens a new browser instance to the optional ``url``.</doc>
<msg timestamp="20210624 16:27:03.219" level="INFO">Opening browser 'chrome' to base url 'https://www.qawolf.com/'.</msg>
<status status="PASS" starttime="20210624 16:27:03.219" endtime="20210624 16:27:07.133"/>
</kw>
<kw name="Maximize Browser Window" library="SeleniumLibrary">
<doc>Maximizes current browser window.</doc>
<status status="PASS" starttime="20210624 16:27:07.133" endtime="20210624 16:27:07.250"/>
</kw>
<status status="PASS" starttime="20210624 16:27:03.218" endtime="20210624 16:27:07.251"/>
</kw>
<kw name="Click Element" library="SeleniumLibrary">
<arg>${btn_Login_Wolf}</arg>
<doc>Click the element identified by ``locator``.</doc>
<msg timestamp="20210624 16:27:07.252" level="INFO">Clicking element 'xpath://p[.='Log in']'.</msg>
<status status="PASS" starttime="20210624 16:27:07.251" endtime="20210624 16:27:07.358"/>
</kw>
<kw name="Enter Email Wolf" library="LoginKeywords">
<kw name="Get Environment Variable" library="OperatingSystem">
<var>${email}</var>
<arg>EMAIL</arg>
<doc>Returns the value of an environment variable with the given name.</doc>
<msg timestamp="20210624 16:27:07.358" level="INFO">${email} = mlethiha+16@openwt.com</msg>
<status status="PASS" starttime="20210624 16:27:07.358" endtime="20210624 16:27:07.358"/>
</kw>
<kw name="Input Text" library="SeleniumLibrary">
<arg>${txt_email}</arg>
<arg>${email}</arg>
<doc>Types the given ``text`` into the text field identified by ``locator``.</doc>
<msg timestamp="20210624 16:27:07.359" level="INFO">Typing text 'mlethiha+16@openwt.com' into text field 'xpath://input[@name='email']'.</msg>
<status status="PASS" starttime="20210624 16:27:07.358" endtime="20210624 16:27:07.491"/>
</kw>
<status status="PASS" starttime="20210624 16:27:07.358" endtime="20210624 16:27:07.491"/>
</kw>
<kw name="Click Element" library="SeleniumLibrary">
<arg>${btn_Login_with_email}</arg>
<doc>Click the element identified by ``locator``.</doc>
<msg timestamp="20210624 16:27:07.492" level="INFO">Clicking element 'xpath://button[@class='StyledButton-sc-323bzc-0 hGYuBi']'.</msg>
<status status="PASS" starttime="20210624 16:27:07.491" endtime="20210624 16:27:07.549"/>
</kw>
<kw name="Open Email" library="EmailKeywords">
<kw name="Get Environment Variable" library="OperatingSystem">
<var>${email}</var>
<arg>EMAIL</arg>
<doc>Returns the value of an environment variable with the given name.</doc>
<msg timestamp="20210624 16:27:07.550" level="INFO">${email} = mlethiha+16@openwt.com</msg>
<status status="PASS" starttime="20210624 16:27:07.550" endtime="20210624 16:27:07.550"/>
</kw>
<kw name="Get Environment Variable" library="OperatingSystem">
<var>${password}</var>
<arg>PASSWORD</arg>
<doc>Returns the value of an environment variable with the given name.</doc>
<msg timestamp="20210624 16:27:07.551" level="INFO">${password} = Infogroup1</msg>
<status status="PASS" starttime="20210624 16:27:07.550" endtime="20210624 16:27:07.551"/>
</kw>
<kw name="Open Mailbox" library="ImapLibrary2">
<arg>host=imap.gmail.com</arg>
<arg>user=myle.8174+13gmail.com</arg>
<arg>password=${password}</arg>
<doc>Open IMAP email client session to given ``host`` with given ``user`` and ``password``.</doc>
<status status="PASS" starttime="20210624 16:27:07.552" endtime="20210624 16:27:09.058"/>
</kw>
<status status="PASS" starttime="20210624 16:27:07.549" endtime="20210624 16:27:09.058"/>
</kw>
<kw name="Check mail received" library="EmailKeywords">
<arg>QA Wolf</arg>
<kw name="Get Environment Variable" library="OperatingSystem">
<var>${email}</var>
<arg>EMAIL</arg>
<doc>Returns the value of an environment variable with the given name.</doc>
<msg timestamp="20210624 16:27:09.058" level="INFO">${email} = mlethiha+16@openwt.com</msg>
<status status="PASS" starttime="20210624 16:27:09.058" endtime="20210624 16:27:09.058"/>
</kw>
<kw name="Wait For Email" library="ImapLibrary2">
<var>${LATEST}</var>
<arg>recipient=${email}</arg>
<arg>subject=QA Wolf</arg>
<arg>timeout=300</arg>
<doc>Wait for email message to arrived base on any given filter criteria.
Returns email index of the latest email message received.</doc>
<msg timestamp="20210624 16:27:20.198" level="INFO">${LATEST} = 332</msg>
<status status="PASS" starttime="20210624 16:27:09.058" endtime="20210624 16:27:20.198"/>
</kw>
<kw name="Get Email Body" library="ImapLibrary2">
<var>${body}</var>
<arg>${LATEST}</arg>
<doc>Returns the decoded email body on multipart email message,
otherwise returns the body text.</doc>
<msg timestamp="20210624 16:27:20.640" level="INFO">${body} = &lt;div style='color: #2A3140; font-family: Helvetica, Arial, sans-serif;'&gt;
  &lt;table&gt;
    &lt;tr&gt;
      &lt;td&gt;&lt;img src='https://qawolf-public.s3.us-east-2.amazonaws.com/logo-small.png' style='object-fit: c...</msg>
<status status="PASS" starttime="20210624 16:27:20.199" endtime="20210624 16:27:20.640"/>
</kw>
<kw name="Should Contain" library="BuiltIn">
<arg>${body}</arg>
<arg>${email_body}</arg>
<doc>Fails if ``container`` does not contain ``item`` one or more times.</doc>
<status status="PASS" starttime="20210624 16:27:20.640" endtime="20210624 16:27:20.641"/>
</kw>
<status status="PASS" starttime="20210624 16:27:09.058" endtime="20210624 16:27:20.642"/>
</kw>
<kw name="Get code from email" library="EmailKeywords">
<kw name="Set Variable" library="BuiltIn">
<var>${regex}</var>
<arg>&lt;p .*&gt;([A-Z]{3}-[A-Z]{3})</arg>
<doc>Returns the given values which can then be assigned to a variables.</doc>
<msg timestamp="20210624 16:27:20.642" level="INFO">${regex} = &lt;p .*&gt;([A-Z]{3}-[A-Z]{3})</msg>
<status status="PASS" starttime="20210624 16:27:20.642" endtime="20210624 16:27:20.642"/>
</kw>
<kw name="Get latest email body" library="EmailKeywords">
<var>${body}</var>
<kw name="Get Environment Variable" library="OperatingSystem">
<var>${email}</var>
<arg>EMAIL</arg>
<doc>Returns the value of an environment variable with the given name.</doc>
<msg timestamp="20210624 16:27:20.643" level="INFO">${email} = mlethiha+16@openwt.com</msg>
<status status="PASS" starttime="20210624 16:27:20.643" endtime="20210624 16:27:20.643"/>
</kw>
<kw name="Wait For Email" library="ImapLibrary2">
<var>${LATEST}</var>
<arg>recipient=${email}</arg>
<arg>subject=QA Wolf</arg>
<arg>timeout=300</arg>
<doc>Wait for email message to arrived base on any given filter criteria.
Returns email index of the latest email message received.</doc>
<msg timestamp="20210624 16:27:21.152" level="INFO">${LATEST} = 332</msg>
<status status="PASS" starttime="20210624 16:27:20.643" endtime="20210624 16:27:21.153"/>
</kw>
<kw name="Get Email Body" library="ImapLibrary2">
<var>${body}</var>
<arg>${LATEST}</arg>
<doc>Returns the decoded email body on multipart email message,
otherwise returns the body text.</doc>
<msg timestamp="20210624 16:27:21.415" level="INFO">${body} = &lt;div style='color: #2A3140; font-family: Helvetica, Arial, sans-serif;'&gt;
  &lt;table&gt;
    &lt;tr&gt;
      &lt;td&gt;&lt;img src='https://qawolf-public.s3.us-east-2.amazonaws.com/logo-small.png' style='object-fit: c...</msg>
<status status="PASS" starttime="20210624 16:27:21.153" endtime="20210624 16:27:21.415"/>
</kw>
<msg timestamp="20210624 16:27:21.416" level="INFO">${body} = &lt;div style='color: #2A3140; font-family: Helvetica, Arial, sans-serif;'&gt;
  &lt;table&gt;
    &lt;tr&gt;
      &lt;td&gt;&lt;img src='https://qawolf-public.s3.us-east-2.amazonaws.com/logo-small.png' style='object-fit: c...</msg>
<status status="PASS" starttime="20210624 16:27:20.642" endtime="20210624 16:27:21.416"/>
</kw>
<kw name="Get Regexp Matches" library="String">
<var>${result}</var>
<arg>${body}</arg>
<arg>${regex}</arg>
<arg>1</arg>
<doc>Returns a list of all non-overlapping matches in the given string.</doc>
<msg timestamp="20210624 16:27:21.418" level="INFO">${result} = ['BVL-RDY']</msg>
<status status="PASS" starttime="20210624 16:27:21.416" endtime="20210624 16:27:21.418"/>
</kw>
<kw name="Convert To String" library="BuiltIn">
<var>${result}</var>
<arg>${result}</arg>
<doc>Converts the given item to a Unicode string.</doc>
<msg timestamp="20210624 16:27:21.420" level="INFO">${result} = ['BVL-RDY']</msg>
<status status="PASS" starttime="20210624 16:27:21.419" endtime="20210624 16:27:21.420"/>
</kw>
<kw name="Get Substring" library="String">
<var>${result}</var>
<arg>${result}</arg>
<arg>2</arg>
<arg>9</arg>
<doc>Returns a substring from ``start`` index to ``end`` index.</doc>
<msg timestamp="20210624 16:27:21.421" level="INFO">${result} = BVL-RDY</msg>
<status status="PASS" starttime="20210624 16:27:21.420" endtime="20210624 16:27:21.421"/>
</kw>
<kw name="Remove String" library="String">
<var>${result}</var>
<arg>${result}</arg>
<arg>-</arg>
<doc>Removes all ``removables`` from the given ``string``.</doc>
<msg timestamp="20210624 16:27:21.423" level="INFO">${result} = BVLRDY</msg>
<status status="PASS" starttime="20210624 16:27:21.422" endtime="20210624 16:27:21.423"/>
</kw>
<status status="PASS" starttime="20210624 16:27:20.642" endtime="20210624 16:27:21.423"/>
</kw>
<kw name="Type Code to login" library="EmailKeywords">
<kw name="Get code from email" library="EmailKeywords">
<var>${code}</var>
<kw name="Set Variable" library="BuiltIn">
<var>${regex}</var>
<arg>&lt;p .*&gt;([A-Z]{3}-[A-Z]{3})</arg>
<doc>Returns the given values which can then be assigned to a variables.</doc>
<msg timestamp="20210624 16:27:21.426" level="INFO">${regex} = &lt;p .*&gt;([A-Z]{3}-[A-Z]{3})</msg>
<status status="PASS" starttime="20210624 16:27:21.426" endtime="20210624 16:27:21.426"/>
</kw>
<kw name="Get latest email body" library="EmailKeywords">
<var>${body}</var>
<kw name="Get Environment Variable" library="OperatingSystem">
<var>${email}</var>
<arg>EMAIL</arg>
<doc>Returns the value of an environment variable with the given name.</doc>
<msg timestamp="20210624 16:27:21.428" level="INFO">${email} = mlethiha+16@openwt.com</msg>
<status status="PASS" starttime="20210624 16:27:21.428" endtime="20210624 16:27:21.428"/>
</kw>
<kw name="Wait For Email" library="ImapLibrary2">
<var>${LATEST}</var>
<arg>recipient=${email}</arg>
<arg>subject=QA Wolf</arg>
<arg>timeout=300</arg>
<doc>Wait for email message to arrived base on any given filter criteria.
Returns email index of the latest email message received.</doc>
<msg timestamp="20210624 16:27:21.950" level="INFO">${LATEST} = 332</msg>
<status status="PASS" starttime="20210624 16:27:21.429" endtime="20210624 16:27:21.950"/>
</kw>
<kw name="Get Email Body" library="ImapLibrary2">
<var>${body}</var>
<arg>${LATEST}</arg>
<doc>Returns the decoded email body on multipart email message,
otherwise returns the body text.</doc>
<msg timestamp="20210624 16:27:22.221" level="INFO">${body} = &lt;div style='color: #2A3140; font-family: Helvetica, Arial, sans-serif;'&gt;
  &lt;table&gt;
    &lt;tr&gt;
      &lt;td&gt;&lt;img src='https://qawolf-public.s3.us-east-2.amazonaws.com/logo-small.png' style='object-fit: c...</msg>
<status status="PASS" starttime="20210624 16:27:21.950" endtime="20210624 16:27:22.222"/>
</kw>
<msg timestamp="20210624 16:27:22.223" level="INFO">${body} = &lt;div style='color: #2A3140; font-family: Helvetica, Arial, sans-serif;'&gt;
  &lt;table&gt;
    &lt;tr&gt;
      &lt;td&gt;&lt;img src='https://qawolf-public.s3.us-east-2.amazonaws.com/logo-small.png' style='object-fit: c...</msg>
<status status="PASS" starttime="20210624 16:27:21.427" endtime="20210624 16:27:22.223"/>
</kw>
<kw name="Get Regexp Matches" library="String">
<var>${result}</var>
<arg>${body}</arg>
<arg>${regex}</arg>
<arg>1</arg>
<doc>Returns a list of all non-overlapping matches in the given string.</doc>
<msg timestamp="20210624 16:27:22.225" level="INFO">${result} = ['BVL-RDY']</msg>
<status status="PASS" starttime="20210624 16:27:22.223" endtime="20210624 16:27:22.225"/>
</kw>
<kw name="Convert To String" library="BuiltIn">
<var>${result}</var>
<arg>${result}</arg>
<doc>Converts the given item to a Unicode string.</doc>
<msg timestamp="20210624 16:27:22.226" level="INFO">${result} = ['BVL-RDY']</msg>
<status status="PASS" starttime="20210624 16:27:22.225" endtime="20210624 16:27:22.226"/>
</kw>
<kw name="Get Substring" library="String">
<var>${result}</var>
<arg>${result}</arg>
<arg>2</arg>
<arg>9</arg>
<doc>Returns a substring from ``start`` index to ``end`` index.</doc>
<msg timestamp="20210624 16:27:22.226" level="INFO">${result} = BVL-RDY</msg>
<status status="PASS" starttime="20210624 16:27:22.226" endtime="20210624 16:27:22.226"/>
</kw>
<kw name="Remove String" library="String">
<var>${result}</var>
<arg>${result}</arg>
<arg>-</arg>
<doc>Removes all ``removables`` from the given ``string``.</doc>
<msg timestamp="20210624 16:27:22.227" level="INFO">${result} = BVLRDY</msg>
<status status="PASS" starttime="20210624 16:27:22.226" endtime="20210624 16:27:22.227"/>
</kw>
<msg timestamp="20210624 16:27:22.227" level="INFO">${code} = BVLRDY</msg>
<status status="PASS" starttime="20210624 16:27:21.425" endtime="20210624 16:27:22.227"/>
</kw>
<kw name="Press Keys" library="SeleniumLibrary">
<arg>${txt_code}</arg>
<arg>${code}</arg>
<doc>Simulates the user pressing key(s) to an element or on the active browser.</doc>
<msg timestamp="20210624 16:27:22.227" level="INFO">Sending key(s) ('BVLRDY',) to xpath://div[@class='StyledBox-sc-13pk1d4-0 eXyqjJ']/div[1]//input[@class='StyledTextInput-sc-1x30a0s-0 hJCVRF CodeSegment__StyledInput-sc-17pm20m-0 gJPjkP'] element.</msg>
<msg timestamp="20210624 16:27:22.507" level="INFO">Sending keys BVLRDY</msg>
<status status="PASS" starttime="20210624 16:27:22.227" endtime="20210624 16:27:22.563"/>
</kw>
<status status="PASS" starttime="20210624 16:27:21.424" endtime="20210624 16:27:22.563"/>
</kw>
<kw name="Close Mailbox" library="ImapLibrary2">
<doc>Close IMAP email client session.</doc>
<status status="PASS" starttime="20210624 16:27:22.563" endtime="20210624 16:27:22.809"/>
</kw>
<status status="PASS" starttime="20210624 16:27:03.218" endtime="20210624 16:27:22.809"/>
</test>
<status status="PASS" starttime="20210624 16:27:03.026" endtime="20210624 16:27:22.811"/>
</suite>
<statistics>
<total>
<stat pass="1" fail="0" skip="0">All Tests</stat>
</total>
<tag>
</tag>
<suite>
<stat pass="1" fail="0" skip="0" id="s1" name="EmailTest">EmailTest</stat>
</suite>
</statistics>
<errors>
</errors>
</robot>
